<?xml version="1.0" encoding="UTF-8"?>
<!-- Generated by org.testng.reporters.JUnitReportReporter -->
<testsuite skipped="0" hostname="DESKTOP-4T6P0FJ" name="com.testing.LoginTest" tests="2" failures="0" timestamp="23 Mar 2018 19:37:30 GMT" time="49.952" errors="0">
  <testcase name="verifylLoginWithInvalidEmail" time="21.533" classname="com.testing.LoginTest"/>
  <testcase name="verifylLoginWithInvalidPassword" time="28.419" classname="com.testing.LoginTest"/>
</testsuite> <!-- com.testing.LoginTest -->
